     1 00000000                                 [FORMAT "WCOFF"]
     2 00000000                                 [INSTRSET "i486p"]
     3 00000000                                 [OPTIMIZE 1]
     4 00000000                                 [OPTION 1]
     5 00000000                                 [BITS 32]
     6 00000000                                 	EXTERN	_memman_alloc_4k
     7 00000000                                 	EXTERN	_memman_free_4k
     8 00000000                                 [FILE "sheet.c"]
     9                                          [SECTION .text]
    10 00000000                                 	GLOBAL	_shtctl_init
    11 00000000                                 _shtctl_init:
    12 00000000 55                              	PUSH	EBP
    13 00000001 89 E5                           	MOV	EBP,ESP
    14 00000003 57                              	PUSH	EDI
    15 00000004 56                              	PUSH	ESI
    16 00000005 53                              	PUSH	EBX
    17 00000006 8B 75 08                        	MOV	ESI,DWORD [8+EBP]
    18 00000009 68 00002814                     	PUSH	10260
    19 0000000E 8B 7D 10                        	MOV	EDI,DWORD [16+EBP]
    20 00000011 56                              	PUSH	ESI
    21 00000012 E8 [00000000]                   	CALL	_memman_alloc_4k
    22 00000017 89 C3                           	MOV	EBX,EAX
    23 00000019 58                              	POP	EAX
    24 0000001A 5A                              	POP	EDX
    25 0000001B 85 DB                           	TEST	EBX,EBX
    26 0000001D 74 4A                           	JE	L3
    27 0000001F 8B 45 14                        	MOV	EAX,DWORD [20+EBP]
    28 00000022 0F AF C7                        	IMUL	EAX,EDI
    29 00000025 50                              	PUSH	EAX
    30 00000026 56                              	PUSH	ESI
    31 00000027 E8 [00000000]                   	CALL	_memman_alloc_4k
    32 0000002C 85 C0                           	TEST	EAX,EAX
    33 0000002E 89 43 04                        	MOV	DWORD [4+EBX],EAX
    34 00000031 5A                              	POP	EDX
    35 00000032 59                              	POP	ECX
    36 00000033 74 3E                           	JE	L11
    37 00000035 8B 45 0C                        	MOV	EAX,DWORD [12+EBP]
    38 00000038 89 7B 08                        	MOV	DWORD [8+EBX],EDI
    39 0000003B 89 03                           	MOV	DWORD [EBX],EAX
    40 0000003D 8D 93 000023DC                  	LEA	EDX,DWORD [9180+EBX]
    41 00000043 8B 45 14                        	MOV	EAX,DWORD [20+EBP]
    42 00000046 89 43 0C                        	MOV	DWORD [12+EBX],EAX
    43 00000049 89 D8                           	MOV	EAX,EBX
    44 0000004B C7 43 10 FFFFFFFF               	MOV	DWORD [16+EBX],-1
    45 00000052                                 L9:
    46 00000052 C7 80 00000430 00000000         	MOV	DWORD [1072+EAX],0
    47 0000005C 89 98 00000434                  	MOV	DWORD [1076+EAX],EBX
    48 00000062 83 C0 24                        	ADD	EAX,36
    49 00000065 39 D0                           	CMP	EAX,EDX
    50 00000067 7E E9                           	JLE	L9
    51 00000069                                 L3:
    52 00000069 8D 65 F4                        	LEA	ESP,DWORD [-12+EBP]
    53 0000006C 89 D8                           	MOV	EAX,EBX
    54 0000006E 5B                              	POP	EBX
    55 0000006F 5E                              	POP	ESI
    56 00000070 5F                              	POP	EDI
    57 00000071 5D                              	POP	EBP
    58 00000072 C3                              	RET
    59 00000073                                 L11:
    60 00000073 68 00002814                     	PUSH	10260
    61 00000078 53                              	PUSH	EBX
    62 00000079 56                              	PUSH	ESI
    63 0000007A E8 [00000000]                   	CALL	_memman_free_4k
    64 0000007F 83 C4 0C                        	ADD	ESP,12
    65 00000082 EB E5                           	JMP	L3
    66 00000084                                 	GLOBAL	_sheet_alloc
    67 00000084                                 _sheet_alloc:
    68 00000084 55                              	PUSH	EBP
    69 00000085 31 D2                           	XOR	EDX,EDX
    70 00000087 89 E5                           	MOV	EBP,ESP
    71 00000089 8B 45 08                        	MOV	EAX,DWORD [8+EBP]
    72 0000008C 05 00000414                     	ADD	EAX,1044
    73 00000091                                 L18:
    74 00000091 83 78 1C 00                     	CMP	DWORD [28+EAX],0
    75 00000095 74 10                           	JE	L21
    76 00000097 42                              	INC	EDX
    77 00000098 83 C0 24                        	ADD	EAX,36
    78 0000009B 81 FA 000000FF                  	CMP	EDX,255
    79 000000A1 7E EE                           	JLE	L18
    80 000000A3 31 C0                           	XOR	EAX,EAX
    81 000000A5                                 L12:
    82 000000A5 5D                              	POP	EBP
    83 000000A6 C3                              	RET
    84 000000A7                                 L21:
    85 000000A7 C7 40 1C 00000001               	MOV	DWORD [28+EAX],1
    86 000000AE C7 40 18 FFFFFFFF               	MOV	DWORD [24+EAX],-1
    87 000000B5 EB EE                           	JMP	L12
    88 000000B7                                 	GLOBAL	_sheet_setbuf
    89 000000B7                                 _sheet_setbuf:
    90 000000B7 55                              	PUSH	EBP
    91 000000B8 89 E5                           	MOV	EBP,ESP
    92 000000BA 8B 55 08                        	MOV	EDX,DWORD [8+EBP]
    93 000000BD 8B 45 0C                        	MOV	EAX,DWORD [12+EBP]
    94 000000C0 89 02                           	MOV	DWORD [EDX],EAX
    95 000000C2 8B 45 10                        	MOV	EAX,DWORD [16+EBP]
    96 000000C5 89 42 04                        	MOV	DWORD [4+EDX],EAX
    97 000000C8 8B 45 14                        	MOV	EAX,DWORD [20+EBP]
    98 000000CB 89 42 08                        	MOV	DWORD [8+EDX],EAX
    99 000000CE 8B 45 18                        	MOV	EAX,DWORD [24+EBP]
   100 000000D1 89 42 14                        	MOV	DWORD [20+EDX],EAX
   101 000000D4 5D                              	POP	EBP
   102 000000D5 C3                              	RET
   103 000000D6                                 	GLOBAL	_sheet_refreshmap
   104 000000D6                                 _sheet_refreshmap:
   105 000000D6 55                              	PUSH	EBP
   106 000000D7 89 E5                           	MOV	EBP,ESP
   107 000000D9 57                              	PUSH	EDI
   108 000000DA 56                              	PUSH	ESI
   109 000000DB 53                              	PUSH	EBX
   110 000000DC 83 EC 28                        	SUB	ESP,40
   111 000000DF 8B 45 08                        	MOV	EAX,DWORD [8+EBP]
   112 000000E2 83 7D 0C 00                     	CMP	DWORD [12+EBP],0
   113 000000E6 8B 40 04                        	MOV	EAX,DWORD [4+EAX]
   114 000000E9 89 45 D8                        	MOV	DWORD [-40+EBP],EAX
   115 000000EC 0F 88 00000135                  	JS	L54
   116 000000F2                                 L24:
   117 000000F2 83 7D 10 00                     	CMP	DWORD [16+EBP],0
   118 000000F6 0F 88 0000011F                  	JS	L55
   119 000000FC                                 L25:
   120 000000FC 8B 55 08                        	MOV	EDX,DWORD [8+EBP]
   121 000000FF 8B 42 08                        	MOV	EAX,DWORD [8+EDX]
   122 00000102 39 45 14                        	CMP	DWORD [20+EBP],EAX
   123 00000105 7E 03                           	JLE	L26
   124 00000107 89 45 14                        	MOV	DWORD [20+EBP],EAX
   125 0000010A                                 L26:
   126 0000010A 8B 75 08                        	MOV	ESI,DWORD [8+EBP]
   127 0000010D 8B 46 0C                        	MOV	EAX,DWORD [12+ESI]
   128 00000110 39 45 18                        	CMP	DWORD [24+EBP],EAX
   129 00000113 7E 03                           	JLE	L27
   130 00000115 89 45 18                        	MOV	DWORD [24+EBP],EAX
   131 00000118                                 L27:
   132 00000118 8B 45 08                        	MOV	EAX,DWORD [8+EBP]
   133 0000011B 8B 7D 1C                        	MOV	EDI,DWORD [28+EBP]
   134 0000011E 89 7D F0                        	MOV	DWORD [-16+EBP],EDI
   135 00000121 3B 78 10                        	CMP	EDI,DWORD [16+EAX]
   136 00000124 0F 8F 000000D6                  	JG	L49
   137 0000012A                                 L47:
   138 0000012A 8B 75 08                        	MOV	ESI,DWORD [8+EBP]
   139 0000012D 8B 55 F0                        	MOV	EDX,DWORD [-16+EBP]
   140 00000130 8B 5D 10                        	MOV	EBX,DWORD [16+EBP]
   141 00000133 8B 4C 96 14                     	MOV	ECX,DWORD [20+ESI+EDX*4]
   142 00000137 89 C8                           	MOV	EAX,ECX
   143 00000139 29 F0                           	SUB	EAX,ESI
   144 0000013B 8B 39                           	MOV	EDI,DWORD [ECX]
   145 0000013D 2D 00000414                     	SUB	EAX,1044
   146 00000142 8B 51 10                        	MOV	EDX,DWORD [16+ECX]
   147 00000145 C1 F8 02                        	SAR	EAX,2
   148 00000148 89 7D E0                        	MOV	DWORD [-32+EBP],EDI
   149 0000014B 69 C0 38E38E39                  	IMUL	EAX,EAX,954437177
   150 00000151 8B 7D 18                        	MOV	EDI,DWORD [24+EBP]
   151 00000154 29 D3                           	SUB	EBX,EDX
   152 00000156 29 D7                           	SUB	EDI,EDX
   153 00000158 88 45 DF                        	MOV	BYTE [-33+EBP],AL
   154 0000015B 8B 75 14                        	MOV	ESI,DWORD [20+EBP]
   155 0000015E 8B 55 0C                        	MOV	EDX,DWORD [12+EBP]
   156 00000161 8B 41 0C                        	MOV	EAX,DWORD [12+ECX]
   157 00000164 89 7D D4                        	MOV	DWORD [-44+EBP],EDI
   158 00000167 29 C6                           	SUB	ESI,EAX
   159 00000169 29 C2                           	SUB	EDX,EAX
   160 0000016B 89 75 CC                        	MOV	DWORD [-52+EBP],ESI
   161 0000016E 89 55 E4                        	MOV	DWORD [-28+EBP],EDX
   162 00000171 0F 88 00000098                  	JS	L56
   163 00000177                                 L32:
   164 00000177 85 DB                           	TEST	EBX,EBX
   165 00000179 0F 88 00000089                  	JS	L57
   166 0000017F                                 L33:
   167 0000017F 8B 41 04                        	MOV	EAX,DWORD [4+ECX]
   168 00000182 39 45 CC                        	CMP	DWORD [-52+EBP],EAX
   169 00000185 7E 03                           	JLE	L34
   170 00000187 89 45 CC                        	MOV	DWORD [-52+EBP],EAX
   171 0000018A                                 L34:
   172 0000018A 8B 41 08                        	MOV	EAX,DWORD [8+ECX]
   173 0000018D 39 45 D4                        	CMP	DWORD [-44+EBP],EAX
   174 00000190 7E 03                           	JLE	L35
   175 00000192 89 45 D4                        	MOV	DWORD [-44+EBP],EAX
   176 00000195                                 L35:
   177 00000195 3B 5D D4                        	CMP	EBX,DWORD [-44+EBP]
   178 00000198 7D 54                           	JGE	L51
   179 0000019A                                 L46:
   180 0000019A 8B 71 10                        	MOV	ESI,DWORD [16+ECX]
   181 0000019D 8B 55 E4                        	MOV	EDX,DWORD [-28+EBP]
   182 000001A0 01 DE                           	ADD	ESI,EBX
   183 000001A2 3B 55 CC                        	CMP	EDX,DWORD [-52+EBP]
   184 000001A5 89 75 E8                        	MOV	DWORD [-24+EBP],ESI
   185 000001A8 7D 3E                           	JGE	L53
   186 000001AA                                 L45:
   187 000001AA 89 D8                           	MOV	EAX,EBX
   188 000001AC 8B 79 0C                        	MOV	EDI,DWORD [12+ECX]
   189 000001AF 0F AF 41 04                     	IMUL	EAX,DWORD [4+ECX]
   190 000001B3 01 D7                           	ADD	EDI,EDX
   191 000001B5 8B 75 E0                        	MOV	ESI,DWORD [-32+EBP]
   192 000001B8 01 D0                           	ADD	EAX,EDX
   193 000001BA 89 7D EC                        	MOV	DWORD [-20+EBP],EDI
   194 000001BD 0F B6 34 30                     	MOVZX	ESI,BYTE [EAX+ESI*1]
   195 000001C1 3B 71 14                        	CMP	ESI,DWORD [20+ECX]
   196 000001C4 74 1C                           	JE	L42
   197 000001C6 8B 7D 08                        	MOV	EDI,DWORD [8+EBP]
   198 000001C9 8B 45 E8                        	MOV	EAX,DWORD [-24+EBP]
   199 000001CC 8B 75 D8                        	MOV	ESI,DWORD [-40+EBP]
   200 000001CF 0F AF 47 08                     	IMUL	EAX,DWORD [8+EDI]
   201 000001D3 03 45 EC                        	ADD	EAX,DWORD [-20+EBP]
   202 000001D6 89 45 D0                        	MOV	DWORD [-48+EBP],EAX
   203 000001D9 8A 45 DF                        	MOV	AL,BYTE [-33+EBP]
   204 000001DC 8B 7D D0                        	MOV	EDI,DWORD [-48+EBP]
   205 000001DF 88 04 37                        	MOV	BYTE [EDI+ESI*1],AL
   206 000001E2                                 L42:
   207 000001E2 42                              	INC	EDX
   208 000001E3 3B 55 CC                        	CMP	EDX,DWORD [-52+EBP]
   209 000001E6 7C C2                           	JL	L45
   210 000001E8                                 L53:
   211 000001E8 43                              	INC	EBX
   212 000001E9 3B 5D D4                        	CMP	EBX,DWORD [-44+EBP]
   213 000001EC 7C AC                           	JL	L46
   214 000001EE                                 L51:
   215 000001EE 8B 55 08                        	MOV	EDX,DWORD [8+EBP]
   216 000001F1 FF 45 F0                        	INC	DWORD [-16+EBP]
   217 000001F4 8B 45 F0                        	MOV	EAX,DWORD [-16+EBP]
   218 000001F7 3B 42 10                        	CMP	EAX,DWORD [16+EDX]
   219 000001FA 0F 8E FFFFFF2A                  	JLE	L47
   220 00000200                                 L49:
   221 00000200 83 C4 28                        	ADD	ESP,40
   222 00000203 5B                              	POP	EBX
   223 00000204 5E                              	POP	ESI
   224 00000205 5F                              	POP	EDI
   225 00000206 5D                              	POP	EBP
   226 00000207 C3                              	RET
   227 00000208                                 L57:
   228 00000208 31 DB                           	XOR	EBX,EBX
   229 0000020A E9 FFFFFF70                     	JMP	L33
   230 0000020F                                 L56:
   231 0000020F C7 45 E4 00000000               	MOV	DWORD [-28+EBP],0
   232 00000216 E9 FFFFFF5C                     	JMP	L32
   233 0000021B                                 L55:
   234 0000021B C7 45 10 00000000               	MOV	DWORD [16+EBP],0
   235 00000222 E9 FFFFFED5                     	JMP	L25
   236 00000227                                 L54:
   237 00000227 C7 45 0C 00000000               	MOV	DWORD [12+EBP],0
   238 0000022E E9 FFFFFEBF                     	JMP	L24
   239 00000233                                 	GLOBAL	_sheet_updown
   240 00000233                                 _sheet_updown:
   241 00000233 55                              	PUSH	EBP
   242 00000234 89 E5                           	MOV	EBP,ESP
   243 00000236 57                              	PUSH	EDI
   244 00000237 56                              	PUSH	ESI
   245 00000238 53                              	PUSH	EBX
   246 00000239 51                              	PUSH	ECX
   247 0000023A 8B 7D 08                        	MOV	EDI,DWORD [8+EBP]
   248 0000023D 8B 5D 0C                        	MOV	EBX,DWORD [12+EBP]
   249 00000240 8B 77 20                        	MOV	ESI,DWORD [32+EDI]
   250 00000243 8B 47 18                        	MOV	EAX,DWORD [24+EDI]
   251 00000246 89 45 F0                        	MOV	DWORD [-16+EBP],EAX
   252 00000249 8B 46 10                        	MOV	EAX,DWORD [16+ESI]
   253 0000024C 40                              	INC	EAX
   254 0000024D 39 C3                           	CMP	EBX,EAX
   255 0000024F 7E 02                           	JLE	L59
   256 00000251 89 C3                           	MOV	EBX,EAX
   257 00000253                                 L59:
   258 00000253 83 FB FF                        	CMP	EBX,-1
   259 00000256 7D 03                           	JGE	L60
   260 00000258 83 CB FF                        	OR	EBX,-1
   261 0000025B                                 L60:
   262 0000025B 89 5F 18                        	MOV	DWORD [24+EDI],EBX
   263 0000025E 39 5D F0                        	CMP	DWORD [-16+EBP],EBX
   264 00000261 0F 8E 000000A8                  	JLE	L61
   265 00000267 85 DB                           	TEST	EBX,EBX
   266 00000269 78 5C                           	JS	L62
   267 0000026B 8B 4D F0                        	MOV	ECX,DWORD [-16+EBP]
   268 0000026E                                 L67:
   269 0000026E 8B 44 8E 10                     	MOV	EAX,DWORD [16+ESI+ECX*4]
   270 00000272 89 44 8E 14                     	MOV	DWORD [20+ESI+ECX*4],EAX
   271 00000276 89 48 18                        	MOV	DWORD [24+EAX],ECX
   272 00000279 49                              	DEC	ECX
   273 0000027A 39 D9                           	CMP	ECX,EBX
   274 0000027C 7F F0                           	JG	L67
   275 0000027E 89 7C 9E 14                     	MOV	DWORD [20+ESI+EBX*4],EDI
   276 00000282 43                              	INC	EBX
   277 00000283 53                              	PUSH	EBX
   278 00000284 8B 4F 10                        	MOV	ECX,DWORD [16+EDI]
   279 00000287 89 C8                           	MOV	EAX,ECX
   280 00000289 03 47 08                        	ADD	EAX,DWORD [8+EDI]
   281 0000028C 50                              	PUSH	EAX
   282 0000028D 8B 57 0C                        	MOV	EDX,DWORD [12+EDI]
   283 00000290 89 D0                           	MOV	EAX,EDX
   284 00000292 03 47 04                        	ADD	EAX,DWORD [4+EDI]
   285 00000295 50                              	PUSH	EAX
   286 00000296 51                              	PUSH	ECX
   287 00000297 52                              	PUSH	EDX
   288 00000298 56                              	PUSH	ESI
   289 00000299 E8 FFFFFE38                     	CALL	_sheet_refreshmap
   290 0000029E FF 75 F0                        	PUSH	DWORD [-16+EBP]
   291 000002A1                                 L97:
   292 000002A1 53                              	PUSH	EBX
   293 000002A2                                 L96:
   294 000002A2 8B 4F 10                        	MOV	ECX,DWORD [16+EDI]
   295 000002A5 89 C8                           	MOV	EAX,ECX
   296 000002A7 03 47 08                        	ADD	EAX,DWORD [8+EDI]
   297 000002AA 50                              	PUSH	EAX
   298 000002AB 8B 57 0C                        	MOV	EDX,DWORD [12+EDI]
   299 000002AE 89 D0                           	MOV	EAX,EDX
   300 000002B0 03 47 04                        	ADD	EAX,DWORD [4+EDI]
   301 000002B3 50                              	PUSH	EAX
   302 000002B4 51                              	PUSH	ECX
   303 000002B5 52                              	PUSH	EDX
   304 000002B6 56                              	PUSH	ESI
   305 000002B7 E8 000001C5                     	CALL	_sheet_refreshsub
   306 000002BC 83 C4 34                        	ADD	ESP,52
   307 000002BF                                 L58:
   308 000002BF 8D 65 F4                        	LEA	ESP,DWORD [-12+EBP]
   309 000002C2 5B                              	POP	EBX
   310 000002C3 5E                              	POP	ESI
   311 000002C4 5F                              	POP	EDI
   312 000002C5 5D                              	POP	EBP
   313 000002C6 C3                              	RET
   314 000002C7                                 L62:
   315 000002C7 8B 46 10                        	MOV	EAX,DWORD [16+ESI]
   316 000002CA 3B 45 F0                        	CMP	EAX,DWORD [-16+EBP]
   317 000002CD 7E 18                           	JLE	L69
   318 000002CF 8B 4D F0                        	MOV	ECX,DWORD [-16+EBP]
   319 000002D2 39 C1                           	CMP	ECX,EAX
   320 000002D4 7D 11                           	JGE	L69
   321 000002D6                                 L74:
   322 000002D6 8B 44 8E 18                     	MOV	EAX,DWORD [24+ESI+ECX*4]
   323 000002DA 89 44 8E 14                     	MOV	DWORD [20+ESI+ECX*4],EAX
   324 000002DE 89 48 18                        	MOV	DWORD [24+EAX],ECX
   325 000002E1 41                              	INC	ECX
   326 000002E2 3B 4E 10                        	CMP	ECX,DWORD [16+ESI]
   327 000002E5 7C EF                           	JL	L74
   328 000002E7                                 L69:
   329 000002E7 FF 4E 10                        	DEC	DWORD [16+ESI]
   330 000002EA 6A 00                           	PUSH	0
   331 000002EC 8B 4F 10                        	MOV	ECX,DWORD [16+EDI]
   332 000002EF 89 C8                           	MOV	EAX,ECX
   333 000002F1 03 47 08                        	ADD	EAX,DWORD [8+EDI]
   334 000002F4 50                              	PUSH	EAX
   335 000002F5 8B 57 0C                        	MOV	EDX,DWORD [12+EDI]
   336 000002F8 89 D0                           	MOV	EAX,EDX
   337 000002FA 03 47 04                        	ADD	EAX,DWORD [4+EDI]
   338 000002FD 50                              	PUSH	EAX
   339 000002FE 51                              	PUSH	ECX
   340 000002FF 52                              	PUSH	EDX
   341 00000300 56                              	PUSH	ESI
   342 00000301 E8 FFFFFDD0                     	CALL	_sheet_refreshmap
   343 00000306 8B 45 F0                        	MOV	EAX,DWORD [-16+EBP]
   344 00000309 48                              	DEC	EAX
   345 0000030A 50                              	PUSH	EAX
   346 0000030B 6A 00                           	PUSH	0
   347 0000030D EB 93                           	JMP	L96
   348 0000030F                                 L61:
   349 0000030F 39 5D F0                        	CMP	DWORD [-16+EBP],EBX
   350 00000312 7D AB                           	JGE	L58
   351 00000314 83 7D F0 00                     	CMP	DWORD [-16+EBP],0
   352 00000318 78 3C                           	JS	L77
   353 0000031A 8B 4D F0                        	MOV	ECX,DWORD [-16+EBP]
   354 0000031D 39 D9                           	CMP	ECX,EBX
   355 0000031F 7D 10                           	JGE	L93
   356 00000321                                 L82:
   357 00000321 8B 44 8E 18                     	MOV	EAX,DWORD [24+ESI+ECX*4]
   358 00000325 89 44 8E 14                     	MOV	DWORD [20+ESI+ECX*4],EAX
   359 00000329 89 48 18                        	MOV	DWORD [24+EAX],ECX
   360 0000032C 41                              	INC	ECX
   361 0000032D 39 D9                           	CMP	ECX,EBX
   362 0000032F 7C F0                           	JL	L82
   363 00000331                                 L93:
   364 00000331 89 7C 9E 14                     	MOV	DWORD [20+ESI+EBX*4],EDI
   365 00000335                                 L83:
   366 00000335 53                              	PUSH	EBX
   367 00000336 8B 4F 10                        	MOV	ECX,DWORD [16+EDI]
   368 00000339 89 C8                           	MOV	EAX,ECX
   369 0000033B 03 47 08                        	ADD	EAX,DWORD [8+EDI]
   370 0000033E 50                              	PUSH	EAX
   371 0000033F 8B 57 0C                        	MOV	EDX,DWORD [12+EDI]
   372 00000342 89 D0                           	MOV	EAX,EDX
   373 00000344 03 47 04                        	ADD	EAX,DWORD [4+EDI]
   374 00000347 50                              	PUSH	EAX
   375 00000348 51                              	PUSH	ECX
   376 00000349 52                              	PUSH	EDX
   377 0000034A 56                              	PUSH	ESI
   378 0000034B E8 FFFFFD86                     	CALL	_sheet_refreshmap
   379 00000350 53                              	PUSH	EBX
   380 00000351 E9 FFFFFF4B                     	JMP	L97
   381 00000356                                 L77:
   382 00000356 8B 4E 10                        	MOV	ECX,DWORD [16+ESI]
   383 00000359 39 D9                           	CMP	ECX,EBX
   384 0000035B 7C 13                           	JL	L95
   385 0000035D                                 L88:
   386 0000035D 8B 54 8E 14                     	MOV	EDX,DWORD [20+ESI+ECX*4]
   387 00000361 8D 41 01                        	LEA	EAX,DWORD [1+ECX]
   388 00000364 89 54 8E 18                     	MOV	DWORD [24+ESI+ECX*4],EDX
   389 00000368 49                              	DEC	ECX
   390 00000369 89 42 18                        	MOV	DWORD [24+EDX],EAX
   391 0000036C 39 D9                           	CMP	ECX,EBX
   392 0000036E 7D ED                           	JGE	L88
   393 00000370                                 L95:
   394 00000370 89 7C 9E 14                     	MOV	DWORD [20+ESI+EBX*4],EDI
   395 00000374 FF 46 10                        	INC	DWORD [16+ESI]
   396 00000377 EB BC                           	JMP	L83
   397 00000379                                 	GLOBAL	_sheet_refresh
   398 00000379                                 _sheet_refresh:
   399 00000379 55                              	PUSH	EBP
   400 0000037A 89 E5                           	MOV	EBP,ESP
   401 0000037C 53                              	PUSH	EBX
   402 0000037D 8B 5D 08                        	MOV	EBX,DWORD [8+EBP]
   403 00000380 8B 43 18                        	MOV	EAX,DWORD [24+EBX]
   404 00000383 85 C0                           	TEST	EAX,EAX
   405 00000385 78 26                           	JS	L98
   406 00000387 50                              	PUSH	EAX
   407 00000388 8B 4B 10                        	MOV	ECX,DWORD [16+EBX]
   408 0000038B 89 C8                           	MOV	EAX,ECX
   409 0000038D 03 4D 10                        	ADD	ECX,DWORD [16+EBP]
   410 00000390 03 45 18                        	ADD	EAX,DWORD [24+EBP]
   411 00000393 50                              	PUSH	EAX
   412 00000394 8B 53 0C                        	MOV	EDX,DWORD [12+EBX]
   413 00000397 89 D0                           	MOV	EAX,EDX
   414 00000399 03 55 0C                        	ADD	EDX,DWORD [12+EBP]
   415 0000039C 03 45 14                        	ADD	EAX,DWORD [20+EBP]
   416 0000039F 50                              	PUSH	EAX
   417 000003A0 51                              	PUSH	ECX
   418 000003A1 52                              	PUSH	EDX
   419 000003A2 FF 73 20                        	PUSH	DWORD [32+EBX]
   420 000003A5 E8 000000D7                     	CALL	_sheet_refreshsub
   421 000003AA 83 C4 18                        	ADD	ESP,24
   422 000003AD                                 L98:
   423 000003AD 8B 5D FC                        	MOV	EBX,DWORD [-4+EBP]
   424 000003B0 C9                              	LEAVE
   425 000003B1 C3                              	RET
   426 000003B2                                 	GLOBAL	_sheet_slide
   427 000003B2                                 _sheet_slide:
   428 000003B2 55                              	PUSH	EBP
   429 000003B3 89 E5                           	MOV	EBP,ESP
   430 000003B5 57                              	PUSH	EDI
   431 000003B6 56                              	PUSH	ESI
   432 000003B7 53                              	PUSH	EBX
   433 000003B8 53                              	PUSH	EBX
   434 000003B9 8B 5D 08                        	MOV	EBX,DWORD [8+EBP]
   435 000003BC 8B 43 20                        	MOV	EAX,DWORD [32+EBX]
   436 000003BF 8B 7B 0C                        	MOV	EDI,DWORD [12+EBX]
   437 000003C2 89 45 F0                        	MOV	DWORD [-16+EBP],EAX
   438 000003C5 8B 73 10                        	MOV	ESI,DWORD [16+EBX]
   439 000003C8 8B 45 0C                        	MOV	EAX,DWORD [12+EBP]
   440 000003CB 89 43 0C                        	MOV	DWORD [12+EBX],EAX
   441 000003CE 8B 45 10                        	MOV	EAX,DWORD [16+EBP]
   442 000003D1 89 43 10                        	MOV	DWORD [16+EBX],EAX
   443 000003D4 83 7B 18 00                     	CMP	DWORD [24+EBX],0
   444 000003D8 78 7C                           	JS	L100
   445 000003DA 6A 00                           	PUSH	0
   446 000003DC 89 F0                           	MOV	EAX,ESI
   447 000003DE 03 43 08                        	ADD	EAX,DWORD [8+EBX]
   448 000003E1 50                              	PUSH	EAX
   449 000003E2 89 F8                           	MOV	EAX,EDI
   450 000003E4 03 43 04                        	ADD	EAX,DWORD [4+EBX]
   451 000003E7 50                              	PUSH	EAX
   452 000003E8 56                              	PUSH	ESI
   453 000003E9 57                              	PUSH	EDI
   454 000003EA FF 75 F0                        	PUSH	DWORD [-16+EBP]
   455 000003ED E8 FFFFFCE4                     	CALL	_sheet_refreshmap
   456 000003F2 8B 45 10                        	MOV	EAX,DWORD [16+EBP]
   457 000003F5 FF 73 18                        	PUSH	DWORD [24+EBX]
   458 000003F8 03 43 08                        	ADD	EAX,DWORD [8+EBX]
   459 000003FB 50                              	PUSH	EAX
   460 000003FC 8B 45 0C                        	MOV	EAX,DWORD [12+EBP]
   461 000003FF 03 43 04                        	ADD	EAX,DWORD [4+EBX]
   462 00000402 50                              	PUSH	EAX
   463 00000403 FF 75 10                        	PUSH	DWORD [16+EBP]
   464 00000406 FF 75 0C                        	PUSH	DWORD [12+EBP]
   465 00000409 FF 75 F0                        	PUSH	DWORD [-16+EBP]
   466 0000040C E8 FFFFFCC5                     	CALL	_sheet_refreshmap
   467 00000411 8B 43 18                        	MOV	EAX,DWORD [24+EBX]
   468 00000414 83 C4 30                        	ADD	ESP,48
   469 00000417 48                              	DEC	EAX
   470 00000418 50                              	PUSH	EAX
   471 00000419 89 F0                           	MOV	EAX,ESI
   472 0000041B 6A 00                           	PUSH	0
   473 0000041D 03 43 08                        	ADD	EAX,DWORD [8+EBX]
   474 00000420 50                              	PUSH	EAX
   475 00000421 89 F8                           	MOV	EAX,EDI
   476 00000423 03 43 04                        	ADD	EAX,DWORD [4+EBX]
   477 00000426 50                              	PUSH	EAX
   478 00000427 56                              	PUSH	ESI
   479 00000428 57                              	PUSH	EDI
   480 00000429 FF 75 F0                        	PUSH	DWORD [-16+EBP]
   481 0000042C E8 00000050                     	CALL	_sheet_refreshsub
   482 00000431 8B 45 10                        	MOV	EAX,DWORD [16+EBP]
   483 00000434 FF 73 18                        	PUSH	DWORD [24+EBX]
   484 00000437 FF 73 18                        	PUSH	DWORD [24+EBX]
   485 0000043A 03 43 08                        	ADD	EAX,DWORD [8+EBX]
   486 0000043D 50                              	PUSH	EAX
   487 0000043E 8B 45 0C                        	MOV	EAX,DWORD [12+EBP]
   488 00000441 03 43 04                        	ADD	EAX,DWORD [4+EBX]
   489 00000444 50                              	PUSH	EAX
   490 00000445 FF 75 10                        	PUSH	DWORD [16+EBP]
   491 00000448 FF 75 0C                        	PUSH	DWORD [12+EBP]
   492 0000044B FF 75 F0                        	PUSH	DWORD [-16+EBP]
   493 0000044E E8 0000002E                     	CALL	_sheet_refreshsub
   494 00000453 83 C4 38                        	ADD	ESP,56
   495 00000456                                 L100:
   496 00000456 8D 65 F4                        	LEA	ESP,DWORD [-12+EBP]
   497 00000459 5B                              	POP	EBX
   498 0000045A 5E                              	POP	ESI
   499 0000045B 5F                              	POP	EDI
   500 0000045C 5D                              	POP	EBP
   501 0000045D C3                              	RET
   502 0000045E                                 	GLOBAL	_sheet_free
   503 0000045E                                 _sheet_free:
   504 0000045E 55                              	PUSH	EBP
   505 0000045F 89 E5                           	MOV	EBP,ESP
   506 00000461 53                              	PUSH	EBX
   507 00000462 8B 5D 08                        	MOV	EBX,DWORD [8+EBP]
   508 00000465 83 7B 18 00                     	CMP	DWORD [24+EBX],0
   509 00000469 78 0A                           	JS	L103
   510 0000046B 6A FF                           	PUSH	-1
   511 0000046D 53                              	PUSH	EBX
   512 0000046E E8 FFFFFDC0                     	CALL	_sheet_updown
   513 00000473 58                              	POP	EAX
   514 00000474 5A                              	POP	EDX
   515 00000475                                 L103:
   516 00000475 C7 43 1C 00000000               	MOV	DWORD [28+EBX],0
   517 0000047C 8B 5D FC                        	MOV	EBX,DWORD [-4+EBP]
   518 0000047F C9                              	LEAVE
   519 00000480 C3                              	RET
   520 00000481                                 	GLOBAL	_sheet_refreshsub
   521 00000481                                 _sheet_refreshsub:
   522 00000481 55                              	PUSH	EBP
   523 00000482 89 E5                           	MOV	EBP,ESP
   524 00000484 57                              	PUSH	EDI
   525 00000485 56                              	PUSH	ESI
   526 00000486 53                              	PUSH	EBX
   527 00000487 83 EC 2C                        	SUB	ESP,44
   528 0000048A 8B 45 08                        	MOV	EAX,DWORD [8+EBP]
   529 0000048D 8B 55 08                        	MOV	EDX,DWORD [8+EBP]
   530 00000490 83 7D 0C 00                     	CMP	DWORD [12+EBP],0
   531 00000494 8B 00                           	MOV	EAX,DWORD [EAX]
   532 00000496 8B 52 04                        	MOV	EDX,DWORD [4+EDX]
   533 00000499 89 45 DC                        	MOV	DWORD [-36+EBP],EAX
   534 0000049C 89 55 D8                        	MOV	DWORD [-40+EBP],EDX
   535 0000049F 0F 88 00000137                  	JS	L135
   536 000004A5                                 L105:
   537 000004A5 83 7D 10 00                     	CMP	DWORD [16+EBP],0
   538 000004A9 0F 88 00000121                  	JS	L136
   539 000004AF                                 L106:
   540 000004AF 8B 75 08                        	MOV	ESI,DWORD [8+EBP]
   541 000004B2 8B 46 08                        	MOV	EAX,DWORD [8+ESI]
   542 000004B5 39 45 14                        	CMP	DWORD [20+EBP],EAX
   543 000004B8 7E 03                           	JLE	L107
   544 000004BA 89 45 14                        	MOV	DWORD [20+EBP],EAX
   545 000004BD                                 L107:
   546 000004BD 8B 7D 08                        	MOV	EDI,DWORD [8+EBP]
   547 000004C0 8B 47 0C                        	MOV	EAX,DWORD [12+EDI]
   548 000004C3 39 45 18                        	CMP	DWORD [24+EBP],EAX
   549 000004C6 7E 03                           	JLE	L108
   550 000004C8 89 45 18                        	MOV	DWORD [24+EBP],EAX
   551 000004CB                                 L108:
   552 000004CB 8B 55 08                        	MOV	EDX,DWORD [8+EBP]
   553 000004CE 8B 45 1C                        	MOV	EAX,DWORD [28+EBP]
   554 000004D1 89 45 F0                        	MOV	DWORD [-16+EBP],EAX
   555 000004D4 3B 42 10                        	CMP	EAX,DWORD [16+EDX]
   556 000004D7 0F 8F 000000BF                  	JG	L130
   557 000004DD                                 L128:
   558 000004DD 8B 7D 08                        	MOV	EDI,DWORD [8+EBP]
   559 000004E0 8B 75 F0                        	MOV	ESI,DWORD [-16+EBP]
   560 000004E3 8B 4D 10                        	MOV	ECX,DWORD [16+EBP]
   561 000004E6 8B 5C B7 14                     	MOV	EBX,DWORD [20+EDI+ESI*4]
   562 000004EA 8B 75 14                        	MOV	ESI,DWORD [20+EBP]
   563 000004ED 8B 03                           	MOV	EAX,DWORD [EBX]
   564 000004EF 8B 53 10                        	MOV	EDX,DWORD [16+EBX]
   565 000004F2 89 45 E0                        	MOV	DWORD [-32+EBP],EAX
   566 000004F5 29 D1                           	SUB	ECX,EDX
   567 000004F7 89 D8                           	MOV	EAX,EBX
   568 000004F9 29 F8                           	SUB	EAX,EDI
   569 000004FB 8B 7D 18                        	MOV	EDI,DWORD [24+EBP]
   570 000004FE 2D 00000414                     	SUB	EAX,1044
   571 00000503 29 D7                           	SUB	EDI,EDX
   572 00000505 C1 F8 02                        	SAR	EAX,2
   573 00000508 8B 55 0C                        	MOV	EDX,DWORD [12+EBP]
   574 0000050B 69 C0 38E38E39                  	IMUL	EAX,EAX,954437177
   575 00000511 88 45 D7                        	MOV	BYTE [-41+EBP],AL
   576 00000514 89 7D C8                        	MOV	DWORD [-56+EBP],EDI
   577 00000517 8B 43 0C                        	MOV	EAX,DWORD [12+EBX]
   578 0000051A 29 C6                           	SUB	ESI,EAX
   579 0000051C 29 C2                           	SUB	EDX,EAX
   580 0000051E 89 75 E4                        	MOV	DWORD [-28+EBP],ESI
   581 00000521 89 55 E8                        	MOV	DWORD [-24+EBP],EDX
   582 00000524 0F 88 0000009A                  	JS	L137
   583 0000052A                                 L113:
   584 0000052A 85 C9                           	TEST	ECX,ECX
   585 0000052C 0F 88 0000008B                  	JS	L138
   586 00000532                                 L114:
   587 00000532 8B 43 04                        	MOV	EAX,DWORD [4+EBX]
   588 00000535 39 45 E4                        	CMP	DWORD [-28+EBP],EAX
   589 00000538 7E 03                           	JLE	L115
   590 0000053A 89 45 E4                        	MOV	DWORD [-28+EBP],EAX
   591 0000053D                                 L115:
   592 0000053D 8B 43 08                        	MOV	EAX,DWORD [8+EBX]
   593 00000540 39 45 C8                        	CMP	DWORD [-56+EBP],EAX
   594 00000543 7E 03                           	JLE	L116
   595 00000545 89 45 C8                        	MOV	DWORD [-56+EBP],EAX
   596 00000548                                 L116:
   597 00000548 89 CE                           	MOV	ESI,ECX
   598 0000054A 3B 4D C8                        	CMP	ECX,DWORD [-56+EBP]
   599 0000054D 7D 3B                           	JGE	L132
   600 0000054F                                 L127:
   601 0000054F 8B 7B 10                        	MOV	EDI,DWORD [16+EBX]
   602 00000552 8B 4D E8                        	MOV	ECX,DWORD [-24+EBP]
   603 00000555 01 F7                           	ADD	EDI,ESI
   604 00000557 3B 4D E4                        	CMP	ECX,DWORD [-28+EBP]
   605 0000055A 89 7D EC                        	MOV	DWORD [-20+EBP],EDI
   606 0000055D 7D 25                           	JGE	L134
   607 0000055F                                 L126:
   608 0000055F 8B 55 08                        	MOV	EDX,DWORD [8+EBP]
   609 00000562 8B 7D EC                        	MOV	EDI,DWORD [-20+EBP]
   610 00000565 8B 43 0C                        	MOV	EAX,DWORD [12+EBX]
   611 00000568 0F AF 7A 08                     	IMUL	EDI,DWORD [8+EDX]
   612 0000056C 01 C8                           	ADD	EAX,ECX
   613 0000056E 8A 55 D7                        	MOV	DL,BYTE [-41+EBP]
   614 00000571 01 F8                           	ADD	EAX,EDI
   615 00000573 8B 7D D8                        	MOV	EDI,DWORD [-40+EBP]
   616 00000576 89 45 CC                        	MOV	DWORD [-52+EBP],EAX
   617 00000579 38 14 38                        	CMP	BYTE [EAX+EDI*1],DL
   618 0000057C 74 26                           	JE	L139
   619 0000057E                                 L123:
   620 0000057E 41                              	INC	ECX
   621 0000057F 3B 4D E4                        	CMP	ECX,DWORD [-28+EBP]
   622 00000582 7C DB                           	JL	L126
   623 00000584                                 L134:
   624 00000584 46                              	INC	ESI
   625 00000585 3B 75 C8                        	CMP	ESI,DWORD [-56+EBP]
   626 00000588 7C C5                           	JL	L127
   627 0000058A                                 L132:
   628 0000058A 8B 7D 08                        	MOV	EDI,DWORD [8+EBP]
   629 0000058D FF 45 F0                        	INC	DWORD [-16+EBP]
   630 00000590 8B 75 F0                        	MOV	ESI,DWORD [-16+EBP]
   631 00000593 3B 77 10                        	CMP	ESI,DWORD [16+EDI]
   632 00000596 0F 8E FFFFFF41                  	JLE	L128
   633 0000059C                                 L130:
   634 0000059C 83 C4 2C                        	ADD	ESP,44
   635 0000059F 5B                              	POP	EBX
   636 000005A0 5E                              	POP	ESI
   637 000005A1 5F                              	POP	EDI
   638 000005A2 5D                              	POP	EBP
   639 000005A3 C3                              	RET
   640 000005A4                                 L139:
   641 000005A4 89 F0                           	MOV	EAX,ESI
   642 000005A6 8B 55 E0                        	MOV	EDX,DWORD [-32+EBP]
   643 000005A9 0F AF 43 04                     	IMUL	EAX,DWORD [4+EBX]
   644 000005AD 01 C8                           	ADD	EAX,ECX
   645 000005AF 8B 7D DC                        	MOV	EDI,DWORD [-36+EBP]
   646 000005B2 8A 04 10                        	MOV	AL,BYTE [EAX+EDX*1]
   647 000005B5 8B 55 CC                        	MOV	EDX,DWORD [-52+EBP]
   648 000005B8 88 04 3A                        	MOV	BYTE [EDX+EDI*1],AL
   649 000005BB EB C1                           	JMP	L123
   650 000005BD                                 L138:
   651 000005BD 31 C9                           	XOR	ECX,ECX
   652 000005BF E9 FFFFFF6E                     	JMP	L114
   653 000005C4                                 L137:
   654 000005C4 C7 45 E8 00000000               	MOV	DWORD [-24+EBP],0
   655 000005CB E9 FFFFFF5A                     	JMP	L113
   656 000005D0                                 L136:
   657 000005D0 C7 45 10 00000000               	MOV	DWORD [16+EBP],0
   658 000005D7 E9 FFFFFED3                     	JMP	L106
   659 000005DC                                 L135:
   660 000005DC C7 45 0C 00000000               	MOV	DWORD [12+EBP],0
   661 000005E3 E9 FFFFFEBD                     	JMP	L105
